Arguments: 
  /Users/guillermoangeles/.nvm/versions/node/v19.0.0/bin/node /usr/local/bin/yarn add @wyhaya/vue-slide

PATH: 
  /Users/guillermoangeles/.nvm/versions/node/v19.0.0/bin:/Library/Frameworks/Python.framework/Versions/3.10/bin:/usr/local/bin:/System/Cryptexes/App/usr/bin:/usr/bin:/bin:/usr/sbin:/sbin:/Library/Apple/usr/bin:/Applications/Postgres.app/Contents/Versions/latest/bin:/Users/guillermoangeles/.nvm/versions/node/v19.0.0/bin:/Library/Frameworks/Python.framework/Versions/3.10/bin

Yarn version: 
  1.22.19

Node version: 
  19.0.0

Platform: 
  darwin arm64

Trace: 
  Error: https://registry.yarnpkg.com/@wyhaya%2fvue-slide: Not found
      at params.callback [as _callback] (/usr/local/lib/node_modules/yarn/lib/cli.js:66145:18)
      at self.callback (/usr/local/lib/node_modules/yarn/lib/cli.js:140890:22)
      at Request.emit (node:events:513:28)
      at Request.<anonymous> (/usr/local/lib/node_modules/yarn/lib/cli.js:141862:10)
      at Request.emit (node:events:513:28)
      at IncomingMessage.<anonymous> (/usr/local/lib/node_modules/yarn/lib/cli.js:141784:12)
      at Object.onceWrapper (node:events:627:28)
      at IncomingMessage.emit (node:events:525:35)
      at endReadableNT (node:internal/streams/readable:1359:12)
      at process.processTicksAndRejections (node:internal/process/task_queues:82:21)

npm manifest: 
  {
    "name": "vueproject",
    "version": "0.1.0",
    "private": true,
    "scripts": {
      "serve": "vue-cli-service serve",
      "build": "vue-cli-service build"
    },
    "dependencies": {
      "core-js": "^3.8.3",
      "sass": "^1.58.2",
      "sass-loader": "^13.2.0",
      "vue": "^3.2.13",
      "vue-navigation-bar": "^5.0.2",
      "vue-router": "^4.0.3",
      "vue-slide": "^1.1.1",
      "vuex": "^4.0.0"
    },
    "devDependencies": {
      "@vue/cli-plugin-babel": "~5.0.0",
      "@vue/cli-plugin-router": "~5.0.0",
      "@vue/cli-plugin-vuex": "~5.0.0",
      "@vue/cli-service": "~5.0.0"
    }
  }

yarn manifest: 
  No manifest

Lockfile: 
  No lockfile
